<?xml version="1.0" encoding="UTF-8"?>
<!-- Generated by org.testng.reporters.JUnitReportReporter -->
<testsuite hostname="LT000189" failures="0" tests="3" name="TestngPackage.DisableTest" time="0.018" errors="0" timestamp="2024-12-14T01:53:49 IST" skipped="1">
  <testcase classname="TestngPackage.DisableTest" name="anand2" time="0.014"/>
  <testcase classname="TestngPackage.DisableTest" name="anand21" time="0.004"/>
  <testcase classname="TestngPackage.DisableTest" name="anand3">
    <skipped/>
  </testcase> <!-- anand3 -->
</testsuite> <!-- TestngPackage.DisableTest -->
