<?xml version="1.0" encoding="UTF-8"?>
<!-- Generated by org.testng.reporters.JUnitReportReporter -->
<testsuite hostname="LT000189" failures="0" tests="53" name="TestngPackage.Disable_Enable" time="0.199" errors="0" timestamp="2025-01-17T01:40:54 IST" skipped="0">
  <testcase classname="TestngPackage.Disable_Enable" name="fun3" time="0.005"/>
  <testcase classname="TestngPackage.Disable_Enable" name="fun4" time="0.001"/>
  <testcase classname="TestngPackage.Disable_Enable" name="fun3" time="0.003"/>
  <testcase classname="TestngPackage.Disable_Enable" name="fun3" time="0.000"/>
  <testcase classname="TestngPackage.Disable_Enable" name="fun3" time="0.005"/>
  <testcase classname="TestngPackage.Disable_Enable" name="fun3" time="0.002"/>
  <testcase classname="TestngPackage.Disable_Enable" name="fun3" time="0.003"/>
  <testcase classname="TestngPackage.Disable_Enable" name="fun3" time="0.005"/>
  <testcase classname="TestngPackage.Disable_Enable" name="fun3" time="0.003"/>
  <testcase classname="TestngPackage.Disable_Enable" name="fun3" time="0.003"/>
  <testcase classname="TestngPackage.Disable_Enable" name="fun3" time="0.005"/>
  <testcase classname="TestngPackage.Disable_Enable" name="fun3" time="0.003"/>
  <testcase classname="TestngPackage.Disable_Enable" name="fun3" time="0.002"/>
  <testcase classname="TestngPackage.Disable_Enable" name="fun3" time="0.007"/>
  <testcase classname="TestngPackage.Disable_Enable" name="fun3" time="0.003"/>
  <testcase classname="TestngPackage.Disable_Enable" name="fun3" time="0.003"/>
  <testcase classname="TestngPackage.Disable_Enable" name="fun3" time="0.002"/>
  <testcase classname="TestngPackage.Disable_Enable" name="fun3" time="0.007"/>
  <testcase classname="TestngPackage.Disable_Enable" name="fun3" time="0.003"/>
  <testcase classname="TestngPackage.Disable_Enable" name="fun3" time="0.001"/>
  <testcase classname="TestngPackage.Disable_Enable" name="fun3" time="0.003"/>
  <testcase classname="TestngPackage.Disable_Enable" name="fun3" time="0.005"/>
  <testcase classname="TestngPackage.Disable_Enable" name="fun3" time="0.001"/>
  <testcase classname="TestngPackage.Disable_Enable" name="fun3" time="0.003"/>
  <testcase classname="TestngPackage.Disable_Enable" name="fun3" time="0.002"/>
  <testcase classname="TestngPackage.Disable_Enable" name="fun3" time="0.002"/>
  <testcase classname="TestngPackage.Disable_Enable" name="fun3" time="0.007"/>
  <testcase classname="TestngPackage.Disable_Enable" name="fun3" time="0.002"/>
  <testcase classname="TestngPackage.Disable_Enable" name="fun3" time="0.004"/>
  <testcase classname="TestngPackage.Disable_Enable" name="fun3" time="0.006"/>
  <testcase classname="TestngPackage.Disable_Enable" name="fun3" time="0.004"/>
  <testcase classname="TestngPackage.Disable_Enable" name="fun3" time="0.003"/>
  <testcase classname="TestngPackage.Disable_Enable" name="fun3" time="0.002"/>
  <testcase classname="TestngPackage.Disable_Enable" name="fun3" time="0.007"/>
  <testcase classname="TestngPackage.Disable_Enable" name="fun1" time="0.013"/>
  <testcase classname="TestngPackage.Disable_Enable" name="fun3" time="0.004"/>
  <testcase classname="TestngPackage.Disable_Enable" name="fun3" time="0.004"/>
  <testcase classname="TestngPackage.Disable_Enable" name="fun3" time="0.004"/>
  <testcase classname="TestngPackage.Disable_Enable" name="fun3" time="0.002"/>
  <testcase classname="TestngPackage.Disable_Enable" name="fun3" time="0.003"/>
  <testcase classname="TestngPackage.Disable_Enable" name="fun3" time="0.014"/>
  <testcase classname="TestngPackage.Disable_Enable" name="fun3" time="0.006"/>
  <testcase classname="TestngPackage.Disable_Enable" name="fun3" time="0.004"/>
  <testcase classname="TestngPackage.Disable_Enable" name="fun3" time="0.002"/>
  <testcase classname="TestngPackage.Disable_Enable" name="fun3" time="0.003"/>
  <testcase classname="TestngPackage.Disable_Enable" name="fun3" time="0.003"/>
  <testcase classname="TestngPackage.Disable_Enable" name="fun2" time="0.003"/>
  <testcase classname="TestngPackage.Disable_Enable" name="fun3" time="0.002"/>
  <testcase classname="TestngPackage.Disable_Enable" name="fun3" time="0.004"/>
  <testcase classname="TestngPackage.Disable_Enable" name="fun3" time="0.002"/>
  <testcase classname="TestngPackage.Disable_Enable" name="fun3" time="0.002"/>
  <testcase classname="TestngPackage.Disable_Enable" name="fun3" time="0.002"/>
  <testcase classname="TestngPackage.Disable_Enable" name="fun3" time="0.005"/>
</testsuite> <!-- TestngPackage.Disable_Enable -->
