<?xml version="1.0" encoding="UTF-8"?>
<!-- Generated by org.testng.reporters.JUnitReportReporter -->
<testsuite hostname="LT000189" failures="0" tests="5" name="Test.A" time="0.062" errors="0" timestamp="2024-10-27T21:52:31 IST" skipped="0">
  <testcase classname="Test.A" name="fun4" time="0.005"/>
  <testcase classname="Test.A" name="fun5" time="0.003"/>
  <testcase classname="Test.A" name="fun3" time="0.002"/>
  <testcase classname="Test.A" name="fun2" time="0.001"/>
  <testcase classname="Test.A" name="fun" time="0.051"/>
</testsuite> <!-- Test.A -->
