<?xml version="1.0" encoding="UTF-8"?>
<!-- Generated by org.testng.reporters.JUnitReportReporter -->
<testsuite hostname="LT000189" failures="0" tests="1" name="TestngPackage.TestCaseC" time="0.012" errors="0" timestamp="2024-12-14T00:14:13 IST" skipped="0">
  <testcase classname="TestngPackage.TestCaseC" name="login_toAmanazon" time="0.012"/>
</testsuite> <!-- TestngPackage.TestCaseC -->
