<?xml version="1.0" encoding="UTF-8"?>
<!-- Generated by org.testng.reporters.JUnitReportReporter -->
<testsuite hostname="LT000189" failures="0" tests="1" name="Test.AAND" time="0.018" errors="0" timestamp="2024-10-15T22:56:13 IST" skipped="0">
  <testcase classname="Test.AAND" name="main" time="0.018"/>
</testsuite> <!-- Test.AAND -->
