<?xml version="1.0" encoding="UTF-8"?>
<!-- Generated by org.testng.reporters.JUnitReportReporter -->
<testsuite hostname="LT000189" failures="0" tests="52" name="TestngPackage.OrderofExecution" time="0.168" errors="0" timestamp="2025-01-17T01:32:05 IST" skipped="0">
  <testcase classname="TestngPackage.OrderofExecution" name="Registration" time="0.002"/>
  <testcase classname="TestngPackage.OrderofExecution" name="Registration" time="0.002"/>
  <testcase classname="TestngPackage.OrderofExecution" name="Registration" time="0.001"/>
  <testcase classname="TestngPackage.OrderofExecution" name="Registration" time="0.003"/>
  <testcase classname="TestngPackage.OrderofExecution" name="zero" time="0.004"/>
  <testcase classname="TestngPackage.OrderofExecution" name="Registration" time="0.003"/>
  <testcase classname="TestngPackage.OrderofExecution" name="Registration" time="0.002"/>
  <testcase classname="TestngPackage.OrderofExecution" name="Login" time="0.012"/>
  <testcase classname="TestngPackage.OrderofExecution" name="Registration" time="0.005"/>
  <testcase classname="TestngPackage.OrderofExecution" name="Registration" time="0.002"/>
  <testcase classname="TestngPackage.OrderofExecution" name="Registration" time="0.002"/>
  <testcase classname="TestngPackage.OrderofExecution" name="Registration" time="0.002"/>
  <testcase classname="TestngPackage.OrderofExecution" name="Registration" time="0.004"/>
  <testcase classname="TestngPackage.OrderofExecution" name="Registration" time="0.004"/>
  <testcase classname="TestngPackage.OrderofExecution" name="Registration" time="0.006"/>
  <testcase classname="TestngPackage.OrderofExecution" name="Registration" time="0.003"/>
  <testcase classname="TestngPackage.OrderofExecution" name="Registration" time="0.002"/>
  <testcase classname="TestngPackage.OrderofExecution" name="Registration" time="0.004"/>
  <testcase classname="TestngPackage.OrderofExecution" name="Registration" time="0.001"/>
  <testcase classname="TestngPackage.OrderofExecution" name="Registration" time="0.006"/>
  <testcase classname="TestngPackage.OrderofExecution" name="Registration" time="0.001"/>
  <testcase classname="TestngPackage.OrderofExecution" name="Registration" time="0.002"/>
  <testcase classname="TestngPackage.OrderofExecution" name="Registration" time="0.006"/>
  <testcase classname="TestngPackage.OrderofExecution" name="Registration" time="0.002"/>
  <testcase classname="TestngPackage.OrderofExecution" name="Registration" time="0.005"/>
  <testcase classname="TestngPackage.OrderofExecution" name="Registration" time="0.001"/>
  <testcase classname="TestngPackage.OrderofExecution" name="Registration" time="0.008"/>
  <testcase classname="TestngPackage.OrderofExecution" name="Registration" time="0.003"/>
  <testcase classname="TestngPackage.OrderofExecution" name="Registration" time="0.001"/>
  <testcase classname="TestngPackage.OrderofExecution" name="Registration" time="0.003"/>
  <testcase classname="TestngPackage.OrderofExecution" name="Registration" time="0.002"/>
  <testcase classname="TestngPackage.OrderofExecution" name="Registration" time="0.007"/>
  <testcase classname="TestngPackage.OrderofExecution" name="Registration" time="0.002"/>
  <testcase classname="TestngPackage.OrderofExecution" name="Registration" time="0.002"/>
  <testcase classname="TestngPackage.OrderofExecution" name="Registration" time="0.003"/>
  <testcase classname="TestngPackage.OrderofExecution" name="Registration" time="0.001"/>
  <testcase classname="TestngPackage.OrderofExecution" name="Registration" time="0.002"/>
  <testcase classname="TestngPackage.OrderofExecution" name="Registration" time="0.002"/>
  <testcase classname="TestngPackage.OrderofExecution" name="Registration" time="0.001"/>
  <testcase classname="TestngPackage.OrderofExecution" name="Registration" time="0.003"/>
  <testcase classname="TestngPackage.OrderofExecution" name="Registration" time="0.001"/>
  <testcase classname="TestngPackage.OrderofExecution" name="Registration" time="0.012"/>
  <testcase classname="TestngPackage.OrderofExecution" name="Registration" time="0.002"/>
  <testcase classname="TestngPackage.OrderofExecution" name="Registration" time="0.002"/>
  <testcase classname="TestngPackage.OrderofExecution" name="Registration" time="0.007"/>
  <testcase classname="TestngPackage.OrderofExecution" name="Registration" time="0.001"/>
  <testcase classname="TestngPackage.OrderofExecution" name="Registration" time="0.002"/>
  <testcase classname="TestngPackage.OrderofExecution" name="Registration" time="0.002"/>
  <testcase classname="TestngPackage.OrderofExecution" name="Registration" time="0.006"/>
  <testcase classname="TestngPackage.OrderofExecution" name="Registration" time="0.002"/>
  <testcase classname="TestngPackage.OrderofExecution" name="Registration" time="0.002"/>
  <testcase classname="TestngPackage.OrderofExecution" name="Registration" time="0.002"/>
</testsuite> <!-- TestngPackage.OrderofExecution -->
