<?xml version="1.0" encoding="UTF-8"?>
<!-- Generated by org.testng.reporters.JUnitReportReporter -->
<testsuite hostname="LT000189" failures="0" tests="1" name="TestngPackage.Sequence" time="0.019" errors="0" timestamp="2025-01-17T01:01:09 IST" skipped="0">
  <testcase classname="TestngPackage.Sequence" name="fun3" time="0.019"/>
</testsuite> <!-- TestngPackage.Sequence -->
