<?xml version="1.0" encoding="UTF-8"?>
<!-- Generated by org.testng.reporters.JUnitReportReporter -->
<testsuite hostname="LT000189" failures="0" tests="1" name="TestngPackage.testB" time="0.013" errors="0" timestamp="2025-01-17T00:25:04 IST" skipped="0">
  <testcase classname="TestngPackage.testB" name="logout_to_Amazon" time="0.013"/>
</testsuite> <!-- TestngPackage.testB -->
