<?xml version="1.0" encoding="UTF-8"?>
<!-- Generated by org.testng.reporters.JUnitReportReporter -->
<testsuite hostname="LT000189" failures="0" tests="3" name="Amazon_testcase.Testcase3" time="0.004" errors="0" timestamp="2024-12-12T23:29:21 IST" skipped="0">
  <testcase classname="Amazon_testcase.Testcase3" name="searchig_a_product_addingtocart" time="0.001"/>
  <testcase classname="Amazon_testcase.Testcase3" name="searchig_a_product_addingtocart" time="0.002"/>
  <testcase classname="Amazon_testcase.Testcase3" name="searchig_a_product_addingtocart" time="0.001"/>
</testsuite> <!-- Amazon_testcase.Testcase3 -->
