<?xml version="1.0" encoding="UTF-8"?>
<!-- Generated by org.testng.reporters.JUnitReportReporter -->
<testsuite hostname="LT000189" failures="0" tests="3" name="TestngPackage.DataProvider1" time="35.814" errors="0" timestamp="2024-12-12T12:36:57 IST" skipped="0">
  <testcase classname="TestngPackage.DataProvider1" name="search" time="9.952"/>
  <testcase classname="TestngPackage.DataProvider1" name="search" time="9.781"/>
  <testcase classname="TestngPackage.DataProvider1" name="search" time="16.081"/>
</testsuite> <!-- TestngPackage.DataProvider1 -->
