<?xml version="1.0" encoding="UTF-8"?>
<!-- Generated by org.testng.reporters.JUnitReportReporter -->
<testsuite hostname="LT000189" failures="0" tests="1" name="Parameters.TimeoutParametrs" time="0.019" errors="0" timestamp="2025-01-17T02:03:30 IST" skipped="0">
  <testcase classname="Parameters.TimeoutParametrs" name="fun1" time="0.019"/>
</testsuite> <!-- Parameters.TimeoutParametrs -->
