<?xml version="1.0" encoding="UTF-8"?>
<!-- Generated by org.testng.reporters.JUnitReportReporter -->
<testsuite hostname="LT000189" failures="0" tests="2" name="TestngPackage.Testcase1" time="0.017" errors="0" timestamp="2024-12-15T22:19:24 IST" skipped="0">
  <testcase classname="TestngPackage.Testcase1" name="Login_to_Amazon" time="0.014"/>
  <testcase classname="TestngPackage.Testcase1" name="Login_to_Amazon1" time="0.003"/>
</testsuite> <!-- TestngPackage.Testcase1 -->
