<?xml version="1.0" encoding="UTF-8"?>
<!-- Generated by org.testng.reporters.JUnitReportReporter -->
<testsuite hostname="LT000189" failures="0" tests="1" name="TestngPackage.PracticeTESTNG" time="0.010" errors="0" timestamp="2025-01-17T00:09:40 IST" skipped="0">
  <testcase classname="TestngPackage.PracticeTESTNG" name="fun" time="0.010"/>
</testsuite> <!-- TestngPackage.PracticeTESTNG -->
