<?xml version="1.0" encoding="UTF-8"?>
<!-- Generated by org.testng.reporters.JUnitReportReporter -->
<testsuite hostname="LT000189" failures="0" tests="1" name="TestngPackage.TestCaseD" time="0.003" errors="0" timestamp="2024-12-14T00:14:13 IST" skipped="0">
  <testcase classname="TestngPackage.TestCaseD" name="Logout_toAmazon" time="0.003"/>
</testsuite> <!-- TestngPackage.TestCaseD -->
