<?xml version="1.0" encoding="UTF-8"?>
<!-- Generated by org.testng.reporters.JUnitReportReporter -->
<testsuite hostname="LT000189" failures="0" tests="12" name="TestngPackage.SameTestCaseMultipleTimeRun" time="0.064" errors="0" timestamp="2024-12-14T01:49:20 IST" skipped="0">
  <testcase classname="TestngPackage.SameTestCaseMultipleTimeRun" name="anand" time="0.003"/>
  <testcase classname="TestngPackage.SameTestCaseMultipleTimeRun" name="fun2" time="0.003"/>
  <testcase classname="TestngPackage.SameTestCaseMultipleTimeRun" name="anand" time="0.006"/>
  <testcase classname="TestngPackage.SameTestCaseMultipleTimeRun" name="anand" time="0.002"/>
  <testcase classname="TestngPackage.SameTestCaseMultipleTimeRun" name="fun1" time="0.007"/>
  <testcase classname="TestngPackage.SameTestCaseMultipleTimeRun" name="anand" time="0.003"/>
  <testcase classname="TestngPackage.SameTestCaseMultipleTimeRun" name="anand" time="0.002"/>
  <testcase classname="TestngPackage.SameTestCaseMultipleTimeRun" name="anand" time="0.009"/>
  <testcase classname="TestngPackage.SameTestCaseMultipleTimeRun" name="anand" time="0.011"/>
  <testcase classname="TestngPackage.SameTestCaseMultipleTimeRun" name="anand" time="0.010"/>
  <testcase classname="TestngPackage.SameTestCaseMultipleTimeRun" name="anand" time="0.003"/>
  <testcase classname="TestngPackage.SameTestCaseMultipleTimeRun" name="anand" time="0.005"/>
</testsuite> <!-- TestngPackage.SameTestCaseMultipleTimeRun -->
