<?xml version="1.0" encoding="UTF-8"?>
<!-- Generated by org.testng.reporters.JUnitReportReporter -->
<testsuite hostname="LT000189" failures="0" tests="3" name="Amazon_testcase.Testcase1" time="27.529" errors="0" timestamp="2024-12-12T23:29:21 IST" skipped="0">
  <testcase classname="Amazon_testcase.Testcase1" name="login_to_amazon" time="11.043"/>
  <testcase classname="Amazon_testcase.Testcase1" name="login_to_amazon" time="3.675"/>
  <testcase classname="Amazon_testcase.Testcase1" name="login_to_amazon" time="12.811"/>
</testsuite> <!-- Amazon_testcase.Testcase1 -->
