<?xml version="1.0" encoding="UTF-8"?>
<!-- Generated by org.testng.reporters.JUnitReportReporter -->
<testsuite hostname="LT000189" failures="0" tests="1" name="TestngPackage.carLoan" time="0.008" errors="0" timestamp="2025-01-10T13:05:34 IST" skipped="0">
  <testcase classname="TestngPackage.carLoan" name="carLoan" time="0.008"/>
</testsuite> <!-- TestngPackage.carLoan -->
