<?xml version="1.0" encoding="UTF-8"?>
<!-- Generated by org.testng.reporters.JUnitReportReporter -->
<testsuite hostname="LT000189" failures="0" tests="1" name="TestngPackage.TestNgTeseCase1" time="4.387" errors="0" timestamp="2024-12-13T23:48:17 IST" skipped="0">
  <testcase classname="TestngPackage.TestNgTeseCase1" name="testcse1" time="4.387"/>
</testsuite> <!-- TestngPackage.TestNgTeseCase1 -->
