<?xml version="1.0" encoding="UTF-8"?>
<!-- Generated by org.testng.reporters.JUnitReportReporter -->
<testsuite hostname="LT000189" failures="0" tests="3" name="TestngPackage.Priority" time="0.025" errors="0" timestamp="2024-12-14T01:20:54 IST" skipped="0">
  <testcase classname="TestngPackage.Priority" name="Bikash" time="0.018"/>
  <testcase classname="TestngPackage.Priority" name="Anand" time="0.003"/>
  <testcase classname="TestngPackage.Priority" name="Chennai" time="0.004"/>
</testsuite> <!-- TestngPackage.Priority -->
