<?xml version="1.0" encoding="UTF-8"?>
<!-- Generated by org.testng.reporters.JUnitReportReporter -->
<testsuite hostname="LT000189" failures="0" tests="1" name="testa.test1" time="10.823" errors="0" timestamp="2024-12-30T01:14:16 IST" skipped="0">
  <testcase classname="testa.test1" name="login_amazon" time="10.823"/>
</testsuite> <!-- testa.test1 -->
