<?xml version="1.0" encoding="UTF-8"?>
<!-- Generated by org.testng.reporters.JUnitReportReporter -->
<testsuite hostname="LT000189" failures="0" tests="1" name="TestngPackage.ParllelTesting" time="0.011" errors="0" timestamp="2024-12-12T18:02:19 IST" skipped="0">
  <testcase classname="TestngPackage.ParllelTesting" name="testcase" time="0.011"/>
</testsuite> <!-- TestngPackage.ParllelTesting -->
