<?xml version="1.0" encoding="UTF-8"?>
<!-- Generated by org.testng.reporters.JUnitReportReporter -->
<testsuite hostname="LT000189" failures="0" tests="1" name="TestngPackage.WAP_Assigement1" time="0.017" errors="0" timestamp="2024-10-17T20:24:14 IST" skipped="0">
  <testcase classname="TestngPackage.WAP_Assigement1" name="fun" time="0.017"/>
</testsuite> <!-- TestngPackage.WAP_Assigement1 -->
