<?xml version="1.0" encoding="UTF-8"?>
<!-- Generated by org.testng.reporters.JUnitReportReporter -->
<testsuite hostname="LT000189" failures="0" tests="1" name="Test.TstCas2" time="0.011" errors="0" timestamp="2024-10-15T22:31:10 IST" skipped="0">
  <testcase classname="Test.TstCas2" name="Logout_from_Amazon" time="0.011"/>
</testsuite> <!-- Test.TstCas2 -->
