<?xml version="1.0" encoding="UTF-8"?>
<!-- Generated by org.testng.reporters.JUnitReportReporter -->
<testsuite hostname="LT000189" failures="0" tests="3" name="Amazon_testcase.Testcase2" time="43.343" errors="0" timestamp="2024-12-12T23:29:21 IST" skipped="0">
  <testcase classname="Amazon_testcase.Testcase2" name="serching_a_product" time="14.826"/>
  <testcase classname="Amazon_testcase.Testcase2" name="serching_a_product" time="15.237"/>
  <testcase classname="Amazon_testcase.Testcase2" name="serching_a_product" time="13.280"/>
</testsuite> <!-- Amazon_testcase.Testcase2 -->
