<?xml version="1.0" encoding="UTF-8"?>
<!-- Generated by org.testng.reporters.JUnitReportReporter -->
<testsuite hostname="LT000189" failures="0" tests="1" name="TestngPackage.WAP" time="0.019" errors="0" timestamp="2024-10-16T12:07:20 IST" skipped="0">
  <testcase classname="TestngPackage.WAP" name="fun" time="0.019"/>
</testsuite> <!-- TestngPackage.WAP -->
