<?xml version="1.0" encoding="UTF-8"?>
<!-- Generated by org.testng.reporters.JUnitReportReporter -->
<testsuite hostname="LT000189" failures="0" tests="3" name="TestngPackage.OrderofPariority" time="0.015" errors="0" timestamp="2025-01-10T13:06:43 IST" skipped="0">
  <testcase classname="TestngPackage.OrderofPariority" name="login" time="0.011"/>
  <testcase classname="TestngPackage.OrderofPariority" name="logout" time="0.003"/>
  <testcase classname="TestngPackage.OrderofPariority" name="registration" time="0.001"/>
</testsuite> <!-- TestngPackage.OrderofPariority -->
