<?xml version="1.0" encoding="UTF-8"?>
<!-- Generated by org.testng.reporters.JUnitReportReporter -->
<testsuite hostname="LT000189" failures="0" tests="50" name="TestngPackage.MoreThan50TestcaseRun" time="0.239" errors="0" timestamp="2025-01-17T01:10:57 IST" skipped="0">
  <testcase classname="TestngPackage.MoreThan50TestcaseRun" name="anand" time="0.002"/>
  <testcase classname="TestngPackage.MoreThan50TestcaseRun" name="anand" time="0.005"/>
  <testcase classname="TestngPackage.MoreThan50TestcaseRun" name="anand" time="0.002"/>
  <testcase classname="TestngPackage.MoreThan50TestcaseRun" name="anand" time="0.009"/>
  <testcase classname="TestngPackage.MoreThan50TestcaseRun" name="anand" time="0.007"/>
  <testcase classname="TestngPackage.MoreThan50TestcaseRun" name="anand" time="0.003"/>
  <testcase classname="TestngPackage.MoreThan50TestcaseRun" name="anand" time="0.002"/>
  <testcase classname="TestngPackage.MoreThan50TestcaseRun" name="anand" time="0.007"/>
  <testcase classname="TestngPackage.MoreThan50TestcaseRun" name="anand" time="0.006"/>
  <testcase classname="TestngPackage.MoreThan50TestcaseRun" name="anand" time="0.001"/>
  <testcase classname="TestngPackage.MoreThan50TestcaseRun" name="anand" time="0.002"/>
  <testcase classname="TestngPackage.MoreThan50TestcaseRun" name="anand" time="0.002"/>
  <testcase classname="TestngPackage.MoreThan50TestcaseRun" name="anand" time="0.010"/>
  <testcase classname="TestngPackage.MoreThan50TestcaseRun" name="anand" time="0.002"/>
  <testcase classname="TestngPackage.MoreThan50TestcaseRun" name="anand" time="0.017"/>
  <testcase classname="TestngPackage.MoreThan50TestcaseRun" name="anand" time="0.015"/>
  <testcase classname="TestngPackage.MoreThan50TestcaseRun" name="anand" time="0.002"/>
  <testcase classname="TestngPackage.MoreThan50TestcaseRun" name="anand" time="0.003"/>
  <testcase classname="TestngPackage.MoreThan50TestcaseRun" name="anand" time="0.001"/>
  <testcase classname="TestngPackage.MoreThan50TestcaseRun" name="anand" time="0.003"/>
  <testcase classname="TestngPackage.MoreThan50TestcaseRun" name="anand" time="0.003"/>
  <testcase classname="TestngPackage.MoreThan50TestcaseRun" name="anand" time="0.001"/>
  <testcase classname="TestngPackage.MoreThan50TestcaseRun" name="anand" time="0.005"/>
  <testcase classname="TestngPackage.MoreThan50TestcaseRun" name="anand" time="0.002"/>
  <testcase classname="TestngPackage.MoreThan50TestcaseRun" name="anand" time="0.004"/>
  <testcase classname="TestngPackage.MoreThan50TestcaseRun" name="anand" time="0.002"/>
  <testcase classname="TestngPackage.MoreThan50TestcaseRun" name="anand" time="0.006"/>
  <testcase classname="TestngPackage.MoreThan50TestcaseRun" name="anand" time="0.010"/>
  <testcase classname="TestngPackage.MoreThan50TestcaseRun" name="anand" time="0.011"/>
  <testcase classname="TestngPackage.MoreThan50TestcaseRun" name="anand" time="0.001"/>
  <testcase classname="TestngPackage.MoreThan50TestcaseRun" name="anand" time="0.008"/>
  <testcase classname="TestngPackage.MoreThan50TestcaseRun" name="anand" time="0.001"/>
  <testcase classname="TestngPackage.MoreThan50TestcaseRun" name="anand" time="0.001"/>
  <testcase classname="TestngPackage.MoreThan50TestcaseRun" name="anand" time="0.002"/>
  <testcase classname="TestngPackage.MoreThan50TestcaseRun" name="anand" time="0.002"/>
  <testcase classname="TestngPackage.MoreThan50TestcaseRun" name="anand" time="0.006"/>
  <testcase classname="TestngPackage.MoreThan50TestcaseRun" name="anand" time="0.014"/>
  <testcase classname="TestngPackage.MoreThan50TestcaseRun" name="anand" time="0.010"/>
  <testcase classname="TestngPackage.MoreThan50TestcaseRun" name="anand" time="0.003"/>
  <testcase classname="TestngPackage.MoreThan50TestcaseRun" name="anand" time="0.002"/>
  <testcase classname="TestngPackage.MoreThan50TestcaseRun" name="anand" time="0.001"/>
  <testcase classname="TestngPackage.MoreThan50TestcaseRun" name="anand" time="0.004"/>
  <testcase classname="TestngPackage.MoreThan50TestcaseRun" name="anand" time="0.002"/>
  <testcase classname="TestngPackage.MoreThan50TestcaseRun" name="anand" time="0.008"/>
  <testcase classname="TestngPackage.MoreThan50TestcaseRun" name="anand" time="0.002"/>
  <testcase classname="TestngPackage.MoreThan50TestcaseRun" name="anand" time="0.002"/>
  <testcase classname="TestngPackage.MoreThan50TestcaseRun" name="anand" time="0.001"/>
  <testcase classname="TestngPackage.MoreThan50TestcaseRun" name="anand" time="0.003"/>
  <testcase classname="TestngPackage.MoreThan50TestcaseRun" name="anand" time="0.006"/>
  <testcase classname="TestngPackage.MoreThan50TestcaseRun" name="anand" time="0.015"/>
</testsuite> <!-- TestngPackage.MoreThan50TestcaseRun -->
