<?xml version="1.0" encoding="UTF-8"?>
<!-- Generated by org.testng.reporters.JUnitReportReporter -->
<testsuite hostname="LT000189" failures="0" tests="1" name="TestngPackage.CheckOrderofAnnattion" time="0.017" errors="0" timestamp="2024-12-14T00:47:13 IST" skipped="0">
  <testcase classname="TestngPackage.CheckOrderofAnnattion" name="Test" time="0.017"/>
</testsuite> <!-- TestngPackage.CheckOrderofAnnattion -->
