<?xml version="1.0" encoding="UTF-8"?>
<!-- Generated by org.testng.reporters.JUnitReportReporter -->
<testsuite hostname="LT000189" failures="0" tests="1" name="Test.TestNg_Practice2" time="0.020" errors="0" timestamp="2024-08-02T09:43:51 IST" skipped="0">
  <testcase classname="Test.TestNg_Practice2" name="TestGoogle" time="0.020"/>
</testsuite> <!-- Test.TestNg_Practice2 -->
