<?xml version="1.0" encoding="UTF-8"?>
<!-- Generated by org.testng.reporters.JUnitReportReporter -->
<testsuite hostname="LT000189" failures="0" tests="10" name="Parameters.SameTestCaseMultipleTimeRun" time="0.062" errors="0" timestamp="2025-01-17T10:54:46 IST" skipped="0">
  <testcase classname="Parameters.SameTestCaseMultipleTimeRun" name="anand" time="0.002"/>
  <testcase classname="Parameters.SameTestCaseMultipleTimeRun" name="anand" time="0.005"/>
  <testcase classname="Parameters.SameTestCaseMultipleTimeRun" name="anand" time="0.006"/>
  <testcase classname="Parameters.SameTestCaseMultipleTimeRun" name="anand" time="0.012"/>
  <testcase classname="Parameters.SameTestCaseMultipleTimeRun" name="anand" time="0.004"/>
  <testcase classname="Parameters.SameTestCaseMultipleTimeRun" name="anand" time="0.005"/>
  <testcase classname="Parameters.SameTestCaseMultipleTimeRun" name="anand" time="0.012"/>
  <testcase classname="Parameters.SameTestCaseMultipleTimeRun" name="anand" time="0.004"/>
  <testcase classname="Parameters.SameTestCaseMultipleTimeRun" name="anand" time="0.008"/>
  <testcase classname="Parameters.SameTestCaseMultipleTimeRun" name="anand" time="0.004"/>
</testsuite> <!-- Parameters.SameTestCaseMultipleTimeRun -->
