<?xml version="1.0" encoding="UTF-8"?>
<!-- Generated by org.testng.reporters.JUnitReportReporter -->
<testsuite hostname="LT000189" failures="0" tests="5" name="TestngPackage.Grouping_in_Testng" time="0.025" errors="0" timestamp="2024-12-24T01:27:01 IST" skipped="0">
  <testcase classname="TestngPackage.Grouping_in_Testng" name="fun3" time="0.003"/>
  <testcase classname="TestngPackage.Grouping_in_Testng" name="fun4" time="0.002"/>
  <testcase classname="TestngPackage.Grouping_in_Testng" name="fun5" time="0.001"/>
  <testcase classname="TestngPackage.Grouping_in_Testng" name="fun1" time="0.017"/>
  <testcase classname="TestngPackage.Grouping_in_Testng" name="fun2" time="0.002"/>
</testsuite> <!-- TestngPackage.Grouping_in_Testng -->
