<?xml version="1.0" encoding="UTF-8"?>
<!-- Generated by org.testng.reporters.JUnitReportReporter -->
<testsuite hostname="LT000189" failures="0" tests="2" name="TestngPackage.Testcase2" time="0.024" errors="0" timestamp="2024-12-14T00:09:07 IST" skipped="0">
  <testcase classname="TestngPackage.Testcase2" name="Logout_from_Amazon" time="0.016"/>
  <testcase classname="TestngPackage.Testcase2" name="Logout_from_Amazon" time="0.008"/>
</testsuite> <!-- TestngPackage.Testcase2 -->
