<?xml version="1.0" encoding="UTF-8"?>
<!-- Generated by org.testng.reporters.JUnitReportReporter -->
<testsuite hostname="LT000189" failures="0" tests="3" name="TestngPackage.SameTestCaseMultipleInput_DataProvider" time="0.017" errors="0" timestamp="2024-12-15T01:17:15 IST" skipped="0">
  <testcase classname="TestngPackage.SameTestCaseMultipleInput_DataProvider" name="method" time="0.009">
    <system-out>
      <![CDATA[Addition is->500]]>
    </system-out>
  </testcase> <!-- method -->
  <testcase classname="TestngPackage.SameTestCaseMultipleInput_DataProvider" name="method" time="0.003">
    <system-out>
      <![CDATA[Addition is->600]]>
    </system-out>
  </testcase> <!-- method -->
  <testcase classname="TestngPackage.SameTestCaseMultipleInput_DataProvider" name="method" time="0.005">
    <system-out>
      <![CDATA[Addition is->1100]]>
    </system-out>
  </testcase> <!-- method -->
  <system-out>
    <![CDATA[Addition is->500
Addition is->600
Addition is->1100]]>
  </system-out>
</testsuite> <!-- TestngPackage.SameTestCaseMultipleInput_DataProvider -->
