<?xml version="1.0" encoding="UTF-8"?>
<!-- Generated by org.testng.reporters.JUnitReportReporter -->
<testsuite hostname="LT000189" failures="0" tests="1" name="amz_Test.Testcae1" time="6.039" errors="0" timestamp="2025-01-03T23:22:10 IST" skipped="0">
  <testcase classname="amz_Test.Testcae1" name="login_to_validate_date" time="6.039"/>
</testsuite> <!-- amz_Test.Testcae1 -->
