<?xml version="1.0" encoding="UTF-8"?>
<!-- Generated by org.testng.reporters.JUnitReportReporter -->
<testsuite hostname="LT000189" failures="0" tests="5" name="TestngPackage.A" time="0.016" errors="0" timestamp="2024-12-12T12:38:09 IST" skipped="0">
  <testcase classname="TestngPackage.A" name="fun2" time="0.001"/>
  <testcase classname="TestngPackage.A" name="fun3" time="0.001"/>
  <testcase classname="TestngPackage.A" name="fun4" time="0.002"/>
  <testcase classname="TestngPackage.A" name="fun5" time="0.002"/>
  <testcase classname="TestngPackage.A" name="fun" time="0.010"/>
</testsuite> <!-- TestngPackage.A -->
