<?xml version="1.0" encoding="UTF-8"?>
<!-- Generated by org.testng.reporters.JUnitReportReporter -->
<testsuite hostname="LT000189" failures="0" tests="1" name="Test.MulipleTestCasesTesng" time="0.008" errors="0" timestamp="2024-08-23T23:30:57 IST" skipped="0">
  <testcase classname="Test.MulipleTestCasesTesng" name="testng5" time="0.008"/>
</testsuite> <!-- Test.MulipleTestCasesTesng -->
