<?xml version="1.0" encoding="UTF-8"?>
<!-- Generated by org.testng.reporters.JUnitReportReporter -->
<testsuite hostname="LT000189" failures="0" tests="1" name="TestngPackage.TestCaseB" time="0.003" errors="0" timestamp="2024-10-17T20:24:14 IST" skipped="0">
  <testcase classname="TestngPackage.TestCaseB" name="fun2" time="0.003"/>
</testsuite> <!-- TestngPackage.TestCaseB -->
