<?xml version="1.0" encoding="UTF-8"?>
<!-- Generated by org.testng.reporters.JUnitReportReporter -->
<testsuite hostname="LT000189" failures="0" tests="10" name="BaseTest.login_123" time="0.045" errors="0" timestamp="2024-12-24T22:35:34 IST" skipped="0">
  <testcase classname="BaseTest.login_123" name="fun2" time="0.005"/>
  <testcase classname="BaseTest.login_123" name="fun2" time="0.002"/>
  <testcase classname="BaseTest.login_123" name="fun2" time="0.009"/>
  <testcase classname="BaseTest.login_123" name="fun2" time="0.010"/>
  <testcase classname="BaseTest.login_123" name="fun2" time="0.004"/>
  <testcase classname="BaseTest.login_123" name="fun2" time="0.006"/>
  <testcase classname="BaseTest.login_123" name="fun2" time="0.002"/>
  <testcase classname="BaseTest.login_123" name="fun2" time="0.002"/>
  <testcase classname="BaseTest.login_123" name="fun2" time="0.001"/>
  <testcase classname="BaseTest.login_123" name="fun2" time="0.004"/>
</testsuite> <!-- BaseTest.login_123 -->
